c:\users\c0397554\onedrive - camosun college\ics 214\lab8\tetris\tetris\debug\vc143.pdb
c:\users\c0397554\onedrive - camosun college\ics 214\lab8\tetris\tetris\debug\vc143.idb
c:\users\c0397554\onedrive - camosun college\ics 214\lab8\tetris\tetris\debug\tetromino.obj
c:\users\c0397554\onedrive - camosun college\ics 214\lab8\tetris\tetris\debug\tetris.obj
c:\users\c0397554\onedrive - camosun college\ics 214\lab8\tetris\tetris\debug\testsuite.obj
c:\users\c0397554\onedrive - camosun college\ics 214\lab8\tetris\tetris\debug\testrisgame.obj
c:\users\c0397554\onedrive - camosun college\ics 214\lab8\tetris\tetris\debug\point.obj
c:\users\c0397554\onedrive - camosun college\ics 214\lab8\tetris\tetris\debug\main.obj
c:\users\c0397554\onedrive - camosun college\ics 214\lab8\tetris\tetris\debug\gridtetromino.obj
c:\users\c0397554\onedrive - camosun college\ics 214\lab8\tetris\tetris\debug\gameboard.obj
c:\users\c0397554\onedrive - camosun college\ics 214\lab8\tetris\tetris\debug\tetris.ilk
c:\users\c0397554\onedrive - camosun college\ics 214\lab8\tetris\debug\tetris.exe
c:\users\c0397554\onedrive - camosun college\ics 214\lab8\tetris\debug\tetris.pdb
c:\users\c0397554\onedrive - camosun college\ics 214\lab8\tetris\tetris\debug\test.obj
c:\users\c0397554\onedrive - camosun college\ics 214\lab8\tetris\tetris\debug\tetris.tlog\cl.command.1.tlog
c:\users\c0397554\onedrive - camosun college\ics 214\lab8\tetris\tetris\debug\tetris.tlog\cl.items.tlog
c:\users\c0397554\onedrive - camosun college\ics 214\lab8\tetris\tetris\debug\tetris.tlog\cl.read.1.tlog
c:\users\c0397554\onedrive - camosun college\ics 214\lab8\tetris\tetris\debug\tetris.tlog\cl.write.1.tlog
c:\users\c0397554\onedrive - camosun college\ics 214\lab8\tetris\tetris\debug\tetris.tlog\link.command.1.tlog
c:\users\c0397554\onedrive - camosun college\ics 214\lab8\tetris\tetris\debug\tetris.tlog\link.read.1.tlog
c:\users\c0397554\onedrive - camosun college\ics 214\lab8\tetris\tetris\debug\tetris.tlog\link.write.1.tlog
